<?xml version="1.0" encoding="UTF-8"?>
<!-- Generated by org.testng.reporters.JUnitXMLReporter -->
<testsuite hostname="XENAPTCSTEST1" name="CreateTestXml" tests="1" failures="1" timestamp="20 Apr 2017 09:22:08 GMT" time="3.152" errors="0">
  <testcase name="starttest" time="3.12" classname="util.Readtest">
    <failure type="java.lang.NullPointerException">
      <![CDATA[java.lang.NullPointerException
	at util.ReadInput.testList(ReadInput.java:93)
	at util.Readtest.starttest(Readtest.java:19)
... Removed 24 stack frames]]>
    </failure>
  </testcase> <!-- starttest -->
</testsuite> <!-- CreateTestXml -->
