<?xml version="1.0" encoding="UTF-8"?>
<testng-results skipped="0" failed="0" total="10" passed="10">
  <reporter-output>
  </reporter-output>
  <suite name="RegressionSuite" duration-ms="56228" started-at="2017-04-19T09:16:28Z" finished-at="2017-04-19T09:17:24Z">
    <groups>
    </groups>
    <test name="GetAccesspoint" duration-ms="46039" started-at="2017-04-19T09:16:28Z" finished-at="2017-04-19T09:17:14Z">
      <class name="testCases.TestCases">
        <test-method status="PASS" signature="beforeTest(org.testng.ITestContext)[pri:0, instance:testCases.TestCases@1d95eb2]" name="beforeTest" is-config="true" duration-ms="0" started-at="2017-04-19T11:16:28Z" finished-at="2017-04-19T11:16:28Z">
          <params>
            <param index="0">
              <value>
                <![CDATA[org.testng.TestRunner@c213d9]]>
              </value>
            </param>
          </params>
          <reporter-output>
          </reporter-output>
        </test-method> <!-- beforeTest -->
        <test-method status="PASS" signature="beforeMethod()[pri:0, instance:testCases.TestCases@1d95eb2]" name="beforeMethod" is-config="true" duration-ms="0" started-at="2017-04-19T11:16:28Z" finished-at="2017-04-19T11:16:28Z">
          <reporter-output>
          </reporter-output>
        </test-method> <!-- beforeMethod -->
        <test-method status="PASS" signature="GetAccesspoint(java.lang.String)[pri:0, instance:testCases.TestCases@1d95eb2]" name="GetAccesspoint" duration-ms="46008" started-at="2017-04-19T11:16:28Z" finished-at="2017-04-19T11:17:14Z">
          <params>
            <param index="0">
              <value>
                <![CDATA[TG300006]]>
              </value>
            </param>
          </params>
          <reporter-output>
          </reporter-output>
        </test-method> <!-- GetAccesspoint -->
        <test-method status="PASS" signature="afterMethod(org.testng.ITestResult)[pri:0, instance:testCases.TestCases@1d95eb2]" name="afterMethod" is-config="true" duration-ms="0" started-at="2017-04-19T11:17:14Z" finished-at="2017-04-19T11:17:14Z">
          <params>
            <param index="0">
              <value>
                <![CDATA[[TestResult name=GetAccesspoint status=SUCCESS method=TestCases.GetAccesspoint(java.lang.String)[pri:0, instance:testCases.TestCases@1d95eb2] output={null}]]]>
              </value>
            </param>
          </params>
          <reporter-output>
          </reporter-output>
        </test-method> <!-- afterMethod -->
      </class> <!-- testCases.TestCases -->
    </test> <!-- GetAccesspoint -->
    <test name="SetSpeed" duration-ms="250" started-at="2017-04-19T09:17:14Z" finished-at="2017-04-19T09:17:14Z">
      <class name="testCases.TestCases">
        <test-method status="PASS" signature="SetSpeed(java.lang.String)[pri:0, instance:testCases.TestCases@b7d94c]" name="SetSpeed" duration-ms="250" started-at="2017-04-19T11:17:14Z" finished-at="2017-04-19T11:17:14Z">
          <params>
            <param index="0">
              <value>
                <![CDATA[TG300006]]>
              </value>
            </param>
          </params>
          <reporter-output>
          </reporter-output>
        </test-method> <!-- SetSpeed -->
        <test-method status="PASS" signature="beforeTest(org.testng.ITestContext)[pri:0, instance:testCases.TestCases@b7d94c]" name="beforeTest" is-config="true" duration-ms="0" started-at="2017-04-19T11:17:14Z" finished-at="2017-04-19T11:17:14Z">
          <params>
            <param index="0">
              <value>
                <![CDATA[org.testng.TestRunner@aa6e7e]]>
              </value>
            </param>
          </params>
          <reporter-output>
          </reporter-output>
        </test-method> <!-- beforeTest -->
        <test-method status="PASS" signature="beforeMethod()[pri:0, instance:testCases.TestCases@b7d94c]" name="beforeMethod" is-config="true" duration-ms="0" started-at="2017-04-19T11:17:14Z" finished-at="2017-04-19T11:17:14Z">
          <reporter-output>
          </reporter-output>
        </test-method> <!-- beforeMethod -->
        <test-method status="PASS" signature="afterMethod(org.testng.ITestResult)[pri:0, instance:testCases.TestCases@b7d94c]" name="afterMethod" is-config="true" duration-ms="0" started-at="2017-04-19T11:17:14Z" finished-at="2017-04-19T11:17:14Z">
          <params>
            <param index="0">
              <value>
                <![CDATA[[TestResult name=SetSpeed status=SUCCESS method=TestCases.SetSpeed(java.lang.String)[pri:0, instance:testCases.TestCases@b7d94c] output={null}]]]>
              </value>
            </param>
          </params>
          <reporter-output>
          </reporter-output>
        </test-method> <!-- afterMethod -->
      </class> <!-- testCases.TestCases -->
    </test> <!-- SetSpeed -->
    <test name="GetSpeeds" duration-ms="158" started-at="2017-04-19T09:17:14Z" finished-at="2017-04-19T09:17:14Z">
      <class name="testCases.TestCases">
        <test-method status="PASS" signature="beforeTest(org.testng.ITestContext)[pri:0, instance:testCases.TestCases@eec5b4]" name="beforeTest" is-config="true" duration-ms="15" started-at="2017-04-19T11:17:14Z" finished-at="2017-04-19T11:17:14Z">
          <params>
            <param index="0">
              <value>
                <![CDATA[org.testng.TestRunner@13c3256]]>
              </value>
            </param>
          </params>
          <reporter-output>
          </reporter-output>
        </test-method> <!-- beforeTest -->
        <test-method status="PASS" signature="beforeMethod()[pri:0, instance:testCases.TestCases@eec5b4]" name="beforeMethod" is-config="true" duration-ms="0" started-at="2017-04-19T11:17:14Z" finished-at="2017-04-19T11:17:14Z">
          <reporter-output>
          </reporter-output>
        </test-method> <!-- beforeMethod -->
        <test-method status="PASS" signature="GetSpeeds(java.lang.String)[pri:0, instance:testCases.TestCases@eec5b4]" name="GetSpeeds" duration-ms="143" started-at="2017-04-19T11:17:14Z" finished-at="2017-04-19T11:17:14Z">
          <params>
            <param index="0">
              <value>
                <![CDATA[TG300006]]>
              </value>
            </param>
          </params>
          <reporter-output>
          </reporter-output>
        </test-method> <!-- GetSpeeds -->
        <test-method status="PASS" signature="afterMethod(org.testng.ITestResult)[pri:0, instance:testCases.TestCases@eec5b4]" name="afterMethod" is-config="true" duration-ms="0" started-at="2017-04-19T11:17:14Z" finished-at="2017-04-19T11:17:14Z">
          <params>
            <param index="0">
              <value>
                <![CDATA[[TestResult name=GetSpeeds status=SUCCESS method=TestCases.GetSpeeds(java.lang.String)[pri:0, instance:testCases.TestCases@eec5b4] output={null}]]]>
              </value>
            </param>
          </params>
          <reporter-output>
          </reporter-output>
        </test-method> <!-- afterMethod -->
      </class> <!-- testCases.TestCases -->
    </test> <!-- GetSpeeds -->
    <test name="Retrain" duration-ms="375" started-at="2017-04-19T09:17:14Z" finished-at="2017-04-19T09:17:15Z">
      <class name="testCases.TestCases">
        <test-method status="PASS" signature="Retrain(java.lang.String)[pri:0, instance:testCases.TestCases@9a94b3]" name="Retrain" duration-ms="375" started-at="2017-04-19T11:17:14Z" finished-at="2017-04-19T11:17:15Z">
          <params>
            <param index="0">
              <value>
                <![CDATA[TG300006]]>
              </value>
            </param>
          </params>
          <reporter-output>
          </reporter-output>
        </test-method> <!-- Retrain -->
        <test-method status="PASS" signature="beforeMethod()[pri:0, instance:testCases.TestCases@9a94b3]" name="beforeMethod" is-config="true" duration-ms="0" started-at="2017-04-19T11:17:14Z" finished-at="2017-04-19T11:17:14Z">
          <reporter-output>
          </reporter-output>
        </test-method> <!-- beforeMethod -->
        <test-method status="PASS" signature="beforeTest(org.testng.ITestContext)[pri:0, instance:testCases.TestCases@9a94b3]" name="beforeTest" is-config="true" duration-ms="0" started-at="2017-04-19T11:17:14Z" finished-at="2017-04-19T11:17:14Z">
          <params>
            <param index="0">
              <value>
                <![CDATA[org.testng.TestRunner@10cc039]]>
              </value>
            </param>
          </params>
          <reporter-output>
          </reporter-output>
        </test-method> <!-- beforeTest -->
        <test-method status="PASS" signature="afterMethod(org.testng.ITestResult)[pri:0, instance:testCases.TestCases@9a94b3]" name="afterMethod" is-config="true" duration-ms="0" started-at="2017-04-19T11:17:15Z" finished-at="2017-04-19T11:17:15Z">
          <params>
            <param index="0">
              <value>
                <![CDATA[[TestResult name=Retrain status=SUCCESS method=TestCases.Retrain(java.lang.String)[pri:0, instance:testCases.TestCases@9a94b3] output={null}]]]>
              </value>
            </param>
          </params>
          <reporter-output>
          </reporter-output>
        </test-method> <!-- afterMethod -->
      </class> <!-- testCases.TestCases -->
    </test> <!-- Retrain -->
    <test name="OamTest_new" duration-ms="187" started-at="2017-04-19T09:17:15Z" finished-at="2017-04-19T09:17:15Z">
      <class name="testCases.TestCases">
        <test-method status="PASS" signature="OamTest_new(java.lang.String)[pri:0, instance:testCases.TestCases@12a44c3]" name="OamTest_new" duration-ms="187" started-at="2017-04-19T11:17:15Z" finished-at="2017-04-19T11:17:15Z">
          <params>
            <param index="0">
              <value>
                <![CDATA[TG300006]]>
              </value>
            </param>
          </params>
          <reporter-output>
          </reporter-output>
        </test-method> <!-- OamTest_new -->
        <test-method status="PASS" signature="beforeTest(org.testng.ITestContext)[pri:0, instance:testCases.TestCases@12a44c3]" name="beforeTest" is-config="true" duration-ms="0" started-at="2017-04-19T11:17:15Z" finished-at="2017-04-19T11:17:15Z">
          <params>
            <param index="0">
              <value>
                <![CDATA[org.testng.TestRunner@200ff6]]>
              </value>
            </param>
          </params>
          <reporter-output>
          </reporter-output>
        </test-method> <!-- beforeTest -->
        <test-method status="PASS" signature="beforeMethod()[pri:0, instance:testCases.TestCases@12a44c3]" name="beforeMethod" is-config="true" duration-ms="0" started-at="2017-04-19T11:17:15Z" finished-at="2017-04-19T11:17:15Z">
          <reporter-output>
          </reporter-output>
        </test-method> <!-- beforeMethod -->
        <test-method status="PASS" signature="afterMethod(org.testng.ITestResult)[pri:0, instance:testCases.TestCases@12a44c3]" name="afterMethod" is-config="true" duration-ms="0" started-at="2017-04-19T11:17:15Z" finished-at="2017-04-19T11:17:15Z">
          <params>
            <param index="0">
              <value>
                <![CDATA[[TestResult name=OamTest_new status=SUCCESS method=TestCases.OamTest_new(java.lang.String)[pri:0, instance:testCases.TestCases@12a44c3] output={null}]]]>
              </value>
            </param>
          </params>
          <reporter-output>
          </reporter-output>
        </test-method> <!-- afterMethod -->
      </class> <!-- testCases.TestCases -->
    </test> <!-- OamTest_new -->
    <test name="OpenCloseService" duration-ms="3292" started-at="2017-04-19T09:17:15Z" finished-at="2017-04-19T09:17:18Z">
      <class name="testCases.TestCases">
        <test-method status="PASS" signature="beforeTest(org.testng.ITestContext)[pri:0, instance:testCases.TestCases@c6145c]" name="beforeTest" is-config="true" duration-ms="0" started-at="2017-04-19T11:17:15Z" finished-at="2017-04-19T11:17:15Z">
          <params>
            <param index="0">
              <value>
                <![CDATA[org.testng.TestRunner@f7e5b2]]>
              </value>
            </param>
          </params>
          <reporter-output>
          </reporter-output>
        </test-method> <!-- beforeTest -->
        <test-method status="PASS" signature="beforeMethod()[pri:0, instance:testCases.TestCases@c6145c]" name="beforeMethod" is-config="true" duration-ms="0" started-at="2017-04-19T11:17:15Z" finished-at="2017-04-19T11:17:15Z">
          <reporter-output>
          </reporter-output>
        </test-method> <!-- beforeMethod -->
        <test-method status="PASS" signature="OpenCloseService(java.lang.String)[pri:0, instance:testCases.TestCases@c6145c]" name="OpenCloseService" duration-ms="3292" started-at="2017-04-19T11:17:15Z" finished-at="2017-04-19T11:17:18Z">
          <params>
            <param index="0">
              <value>
                <![CDATA[TG300006]]>
              </value>
            </param>
          </params>
          <reporter-output>
          </reporter-output>
        </test-method> <!-- OpenCloseService -->
        <test-method status="PASS" signature="afterMethod(org.testng.ITestResult)[pri:0, instance:testCases.TestCases@c6145c]" name="afterMethod" is-config="true" duration-ms="0" started-at="2017-04-19T11:17:18Z" finished-at="2017-04-19T11:17:18Z">
          <params>
            <param index="0">
              <value>
                <![CDATA[[TestResult name=OpenCloseService status=SUCCESS method=TestCases.OpenCloseService(java.lang.String)[pri:0, instance:testCases.TestCases@c6145c] output={null}]]]>
              </value>
            </param>
          </params>
          <reporter-output>
          </reporter-output>
        </test-method> <!-- afterMethod -->
      </class> <!-- testCases.TestCases -->
    </test> <!-- OpenCloseService -->
    <test name="CreateCrossConnetc" duration-ms="31" started-at="2017-04-19T09:17:18Z" finished-at="2017-04-19T09:17:18Z">
      <class name="testCases.TestCases">
        <test-method status="PASS" signature="beforeTest(org.testng.ITestContext)[pri:0, instance:testCases.TestCases@b9f657]" name="beforeTest" is-config="true" duration-ms="0" started-at="2017-04-19T11:17:18Z" finished-at="2017-04-19T11:17:18Z">
          <params>
            <param index="0">
              <value>
                <![CDATA[org.testng.TestRunner@1090fc4]]>
              </value>
            </param>
          </params>
          <reporter-output>
          </reporter-output>
        </test-method> <!-- beforeTest -->
        <test-method status="PASS" signature="CreateCrossConnetc(java.lang.String)[pri:0, instance:testCases.TestCases@b9f657]" name="CreateCrossConnetc" duration-ms="31" started-at="2017-04-19T11:17:18Z" finished-at="2017-04-19T11:17:18Z">
          <params>
            <param index="0">
              <value>
                <![CDATA[TG300006]]>
              </value>
            </param>
          </params>
          <reporter-output>
          </reporter-output>
        </test-method> <!-- CreateCrossConnetc -->
        <test-method status="PASS" signature="beforeMethod()[pri:0, instance:testCases.TestCases@b9f657]" name="beforeMethod" is-config="true" duration-ms="0" started-at="2017-04-19T11:17:18Z" finished-at="2017-04-19T11:17:18Z">
          <reporter-output>
          </reporter-output>
        </test-method> <!-- beforeMethod -->
        <test-method status="PASS" signature="afterMethod(org.testng.ITestResult)[pri:0, instance:testCases.TestCases@b9f657]" name="afterMethod" is-config="true" duration-ms="0" started-at="2017-04-19T11:17:18Z" finished-at="2017-04-19T11:17:18Z">
          <params>
            <param index="0">
              <value>
                <![CDATA[[TestResult name=CreateCrossConnetc status=SUCCESS method=TestCases.CreateCrossConnetc(java.lang.String)[pri:0, instance:testCases.TestCases@b9f657] output={null}]]]>
              </value>
            </param>
          </params>
          <reporter-output>
          </reporter-output>
        </test-method> <!-- afterMethod -->
      </class> <!-- testCases.TestCases -->
    </test> <!-- CreateCrossConnetc -->
    <test name="DeleteCrossConnetc" duration-ms="5071" started-at="2017-04-19T09:17:18Z" finished-at="2017-04-19T09:17:23Z">
      <class name="testCases.TestCases">
        <test-method status="PASS" signature="DeleteCrossConnetc(java.lang.String)[pri:0, instance:testCases.TestCases@2178a6]" name="DeleteCrossConnetc" duration-ms="5071" started-at="2017-04-19T11:17:18Z" finished-at="2017-04-19T11:17:23Z">
          <params>
            <param index="0">
              <value>
                <![CDATA[TG300006]]>
              </value>
            </param>
          </params>
          <reporter-output>
          </reporter-output>
        </test-method> <!-- DeleteCrossConnetc -->
        <test-method status="PASS" signature="beforeMethod()[pri:0, instance:testCases.TestCases@2178a6]" name="beforeMethod" is-config="true" duration-ms="0" started-at="2017-04-19T11:17:18Z" finished-at="2017-04-19T11:17:18Z">
          <reporter-output>
          </reporter-output>
        </test-method> <!-- beforeMethod -->
        <test-method status="PASS" signature="beforeTest(org.testng.ITestContext)[pri:0, instance:testCases.TestCases@2178a6]" name="beforeTest" is-config="true" duration-ms="0" started-at="2017-04-19T11:17:18Z" finished-at="2017-04-19T11:17:18Z">
          <params>
            <param index="0">
              <value>
                <![CDATA[org.testng.TestRunner@1ea41b5]]>
              </value>
            </param>
          </params>
          <reporter-output>
          </reporter-output>
        </test-method> <!-- beforeTest -->
        <test-method status="PASS" signature="afterMethod(org.testng.ITestResult)[pri:0, instance:testCases.TestCases@2178a6]" name="afterMethod" is-config="true" duration-ms="0" started-at="2017-04-19T11:17:23Z" finished-at="2017-04-19T11:17:23Z">
          <params>
            <param index="0">
              <value>
                <![CDATA[[TestResult name=DeleteCrossConnetc status=SUCCESS method=TestCases.DeleteCrossConnetc(java.lang.String)[pri:0, instance:testCases.TestCases@2178a6] output={null}]]]>
              </value>
            </param>
          </params>
          <reporter-output>
          </reporter-output>
        </test-method> <!-- afterMethod -->
      </class> <!-- testCases.TestCases -->
    </test> <!-- DeleteCrossConnetc -->
    <test name="Get_tech_profile_list" duration-ms="437" started-at="2017-04-19T09:17:23Z" finished-at="2017-04-19T09:17:24Z">
      <class name="testCases.TestCases">
        <test-method status="PASS" signature="beforeMethod()[pri:0, instance:testCases.TestCases@c5ba87]" name="beforeMethod" is-config="true" duration-ms="0" started-at="2017-04-19T11:17:23Z" finished-at="2017-04-19T11:17:23Z">
          <reporter-output>
          </reporter-output>
        </test-method> <!-- beforeMethod -->
        <test-method status="PASS" signature="Get_tech_profile_list(java.lang.String)[pri:0, instance:testCases.TestCases@c5ba87]" name="Get_tech_profile_list" duration-ms="437" started-at="2017-04-19T11:17:23Z" finished-at="2017-04-19T11:17:24Z">
          <params>
            <param index="0">
              <value>
                <![CDATA[TG300006]]>
              </value>
            </param>
          </params>
          <reporter-output>
          </reporter-output>
        </test-method> <!-- Get_tech_profile_list -->
        <test-method status="PASS" signature="beforeTest(org.testng.ITestContext)[pri:0, instance:testCases.TestCases@c5ba87]" name="beforeTest" is-config="true" duration-ms="0" started-at="2017-04-19T11:17:23Z" finished-at="2017-04-19T11:17:23Z">
          <params>
            <param index="0">
              <value>
                <![CDATA[org.testng.TestRunner@7fd415]]>
              </value>
            </param>
          </params>
          <reporter-output>
          </reporter-output>
        </test-method> <!-- beforeTest -->
        <test-method status="PASS" signature="afterMethod(org.testng.ITestResult)[pri:0, instance:testCases.TestCases@c5ba87]" name="afterMethod" is-config="true" duration-ms="0" started-at="2017-04-19T11:17:24Z" finished-at="2017-04-19T11:17:24Z">
          <params>
            <param index="0">
              <value>
                <![CDATA[[TestResult name=Get_tech_profile_list status=SUCCESS method=TestCases.Get_tech_profile_list(java.lang.String)[pri:0, instance:testCases.TestCases@c5ba87] output={null}]]]>
              </value>
            </param>
          </params>
          <reporter-output>
          </reporter-output>
        </test-method> <!-- afterMethod -->
      </class> <!-- testCases.TestCases -->
    </test> <!-- Get_tech_profile_list -->
    <test name="CreateRouterConfig" duration-ms="249" started-at="2017-04-19T09:17:24Z" finished-at="2017-04-19T09:17:24Z">
      <class name="testCases.TestCases">
        <test-method status="PASS" signature="BeforeSuite(org.testng.ITestContext)[pri:0, instance:testCases.TestCases@d683f3]" name="BeforeSuite" is-config="true" duration-ms="6823" started-at="2017-04-19T11:16:21Z" finished-at="2017-04-19T11:16:28Z">
          <params>
            <param index="0">
              <value>
                <![CDATA[org.testng.TestRunner@10eb73]]>
              </value>
            </param>
          </params>
          <reporter-output>
          </reporter-output>
        </test-method> <!-- BeforeSuite -->
        <test-method status="PASS" signature="CreateRouterConfig(java.lang.String)[pri:0, instance:testCases.TestCases@d683f3]" name="CreateRouterConfig" duration-ms="249" started-at="2017-04-19T11:17:24Z" finished-at="2017-04-19T11:17:24Z">
          <params>
            <param index="0">
              <value>
                <![CDATA[TG300006]]>
              </value>
            </param>
          </params>
          <reporter-output>
          </reporter-output>
        </test-method> <!-- CreateRouterConfig -->
        <test-method status="PASS" signature="beforeTest(org.testng.ITestContext)[pri:0, instance:testCases.TestCases@d683f3]" name="beforeTest" is-config="true" duration-ms="0" started-at="2017-04-19T11:17:24Z" finished-at="2017-04-19T11:17:24Z">
          <params>
            <param index="0">
              <value>
                <![CDATA[org.testng.TestRunner@10eb73]]>
              </value>
            </param>
          </params>
          <reporter-output>
          </reporter-output>
        </test-method> <!-- beforeTest -->
        <test-method status="PASS" signature="beforeMethod()[pri:0, instance:testCases.TestCases@d683f3]" name="beforeMethod" is-config="true" duration-ms="0" started-at="2017-04-19T11:17:24Z" finished-at="2017-04-19T11:17:24Z">
          <reporter-output>
          </reporter-output>
        </test-method> <!-- beforeMethod -->
        <test-method status="PASS" signature="afterMethod(org.testng.ITestResult)[pri:0, instance:testCases.TestCases@d683f3]" name="afterMethod" is-config="true" duration-ms="0" started-at="2017-04-19T11:17:24Z" finished-at="2017-04-19T11:17:24Z">
          <params>
            <param index="0">
              <value>
                <![CDATA[[TestResult name=CreateRouterConfig status=SUCCESS method=TestCases.CreateRouterConfig(java.lang.String)[pri:0, instance:testCases.TestCases@d683f3] output={null}]]]>
              </value>
            </param>
          </params>
          <reporter-output>
          </reporter-output>
        </test-method> <!-- afterMethod -->
        <test-method status="PASS" signature="afterSuite()[pri:0, instance:testCases.TestCases@d683f3]" name="afterSuite" is-config="true" duration-ms="874" started-at="2017-04-19T11:17:24Z" finished-at="2017-04-19T11:17:25Z">
          <reporter-output>
          </reporter-output>
        </test-method> <!-- afterSuite -->
      </class> <!-- testCases.TestCases -->
    </test> <!-- CreateRouterConfig -->
  </suite> <!-- RegressionSuite -->
</testng-results>
