<?xml version="1.0" encoding="UTF-8"?>
<testng-results skipped="0" failed="0" total="10" passed="10">
  <reporter-output>
  </reporter-output>
  <suite name="RegressionSuite" duration-ms="26276" started-at="2017-04-26T09:21:10Z" finished-at="2017-04-26T09:21:36Z">
    <groups>
    </groups>
    <test name="GetAccesspoint" duration-ms="13204" started-at="2017-04-26T09:21:10Z" finished-at="2017-04-26T09:21:23Z">
      <class name="testCases.TestCases">
        <test-method status="PASS" signature="beforeTest(org.testng.ITestContext)[pri:0, instance:testCases.TestCases@1f75734]" name="beforeTest" is-config="true" duration-ms="0" started-at="2017-04-26T11:21:10Z" finished-at="2017-04-26T11:21:10Z">
          <params>
            <param index="0">
              <value>
                <![CDATA[org.testng.TestRunner@1a2bc3]]>
              </value>
            </param>
          </params>
          <reporter-output>
          </reporter-output>
        </test-method> <!-- beforeTest -->
        <test-method status="PASS" signature="beforeMethod()[pri:0, instance:testCases.TestCases@1f75734]" name="beforeMethod" is-config="true" duration-ms="1" started-at="2017-04-26T11:21:10Z" finished-at="2017-04-26T11:21:10Z">
          <reporter-output>
          </reporter-output>
        </test-method> <!-- beforeMethod -->
        <test-method status="PASS" signature="GetAccesspoint(java.lang.String)[pri:0, instance:testCases.TestCases@1f75734]" name="GetAccesspoint" duration-ms="13171" started-at="2017-04-26T11:21:10Z" finished-at="2017-04-26T11:21:23Z">
          <params>
            <param index="0">
              <value>
                <![CDATA[TG300006]]>
              </value>
            </param>
          </params>
          <reporter-output>
          </reporter-output>
        </test-method> <!-- GetAccesspoint -->
        <test-method status="PASS" signature="afterMethod(org.testng.ITestResult)[pri:0, instance:testCases.TestCases@1f75734]" name="afterMethod" is-config="true" duration-ms="0" started-at="2017-04-26T11:21:23Z" finished-at="2017-04-26T11:21:23Z">
          <params>
            <param index="0">
              <value>
                <![CDATA[[TestResult name=GetAccesspoint status=SUCCESS method=TestCases.GetAccesspoint(java.lang.String)[pri:0, instance:testCases.TestCases@1f75734] output={null}]]]>
              </value>
            </param>
          </params>
          <reporter-output>
          </reporter-output>
        </test-method> <!-- afterMethod -->
      </class> <!-- testCases.TestCases -->
    </test> <!-- GetAccesspoint -->
    <test name="SetSpeed" duration-ms="228" started-at="2017-04-26T09:21:23Z" finished-at="2017-04-26T09:21:23Z">
      <class name="testCases.TestCases">
        <test-method status="PASS" signature="beforeTest(org.testng.ITestContext)[pri:0, instance:testCases.TestCases@6bb386]" name="beforeTest" is-config="true" duration-ms="1" started-at="2017-04-26T11:21:23Z" finished-at="2017-04-26T11:21:23Z">
          <params>
            <param index="0">
              <value>
                <![CDATA[org.testng.TestRunner@4df951]]>
              </value>
            </param>
          </params>
          <reporter-output>
          </reporter-output>
        </test-method> <!-- beforeTest -->
        <test-method status="PASS" signature="SetSpeed(java.lang.String)[pri:0, instance:testCases.TestCases@6bb386]" name="SetSpeed" duration-ms="226" started-at="2017-04-26T11:21:23Z" finished-at="2017-04-26T11:21:23Z">
          <params>
            <param index="0">
              <value>
                <![CDATA[]]>
              </value>
            </param>
          </params>
          <reporter-output>
          </reporter-output>
        </test-method> <!-- SetSpeed -->
        <test-method status="PASS" signature="beforeMethod()[pri:0, instance:testCases.TestCases@6bb386]" name="beforeMethod" is-config="true" duration-ms="0" started-at="2017-04-26T11:21:23Z" finished-at="2017-04-26T11:21:23Z">
          <reporter-output>
          </reporter-output>
        </test-method> <!-- beforeMethod -->
        <test-method status="PASS" signature="afterMethod(org.testng.ITestResult)[pri:0, instance:testCases.TestCases@6bb386]" name="afterMethod" is-config="true" duration-ms="0" started-at="2017-04-26T11:21:23Z" finished-at="2017-04-26T11:21:23Z">
          <params>
            <param index="0">
              <value>
                <![CDATA[[TestResult name=SetSpeed status=SUCCESS method=TestCases.SetSpeed(java.lang.String)[pri:0, instance:testCases.TestCases@6bb386] output={null}]]]>
              </value>
            </param>
          </params>
          <reporter-output>
          </reporter-output>
        </test-method> <!-- afterMethod -->
      </class> <!-- testCases.TestCases -->
    </test> <!-- SetSpeed -->
    <test name="GetSpeeds" duration-ms="199" started-at="2017-04-26T09:21:24Z" finished-at="2017-04-26T09:21:24Z">
      <class name="testCases.TestCases">
        <test-method status="PASS" signature="beforeTest(org.testng.ITestContext)[pri:0, instance:testCases.TestCases@73e835]" name="beforeTest" is-config="true" duration-ms="0" started-at="2017-04-26T11:21:24Z" finished-at="2017-04-26T11:21:24Z">
          <params>
            <param index="0">
              <value>
                <![CDATA[org.testng.TestRunner@12b51b8]]>
              </value>
            </param>
          </params>
          <reporter-output>
          </reporter-output>
        </test-method> <!-- beforeTest -->
        <test-method status="PASS" signature="GetSpeeds(java.lang.String, java.lang.String, java.lang.String, java.lang.String, java.lang.String)[pri:0, instance:testCases.TestCases@73e835]" name="GetSpeeds" duration-ms="197" started-at="2017-04-26T11:21:24Z" finished-at="2017-04-26T11:21:24Z">
          <params>
            <param index="0">
              <value>
                <![CDATA[PS300206]]>
              </value>
            </param>
            <param index="1">
              <value is-null="true"/>
            </param>
            <param index="2">
              <value is-null="true"/>
            </param>
            <param index="3">
              <value is-null="true"/>
            </param>
            <param index="4">
              <value is-null="true"/>
            </param>
          </params>
          <reporter-output>
          </reporter-output>
        </test-method> <!-- GetSpeeds -->
        <test-method status="PASS" signature="beforeMethod()[pri:0, instance:testCases.TestCases@73e835]" name="beforeMethod" is-config="true" duration-ms="0" started-at="2017-04-26T11:21:24Z" finished-at="2017-04-26T11:21:24Z">
          <reporter-output>
          </reporter-output>
        </test-method> <!-- beforeMethod -->
        <test-method status="PASS" signature="afterMethod(org.testng.ITestResult)[pri:0, instance:testCases.TestCases@73e835]" name="afterMethod" is-config="true" duration-ms="0" started-at="2017-04-26T11:21:24Z" finished-at="2017-04-26T11:21:24Z">
          <params>
            <param index="0">
              <value>
                <![CDATA[[TestResult name=GetSpeeds status=SUCCESS method=TestCases.GetSpeeds(java.lang.String, java.lang.String, java.lang.String, java.lang.String, java.lang.String)[pri:0, instance:testCases.TestCases@73e835] output={null}]]]>
              </value>
            </param>
          </params>
          <reporter-output>
          </reporter-output>
        </test-method> <!-- afterMethod -->
      </class> <!-- testCases.TestCases -->
    </test> <!-- GetSpeeds -->
    <test name="Retrain" duration-ms="259" started-at="2017-04-26T09:21:24Z" finished-at="2017-04-26T09:21:24Z">
      <class name="testCases.TestCases">
        <test-method status="PASS" signature="beforeTest(org.testng.ITestContext)[pri:0, instance:testCases.TestCases@10ae6fc]" name="beforeTest" is-config="true" duration-ms="0" started-at="2017-04-26T11:21:24Z" finished-at="2017-04-26T11:21:24Z">
          <params>
            <param index="0">
              <value>
                <![CDATA[org.testng.TestRunner@1020ab5]]>
              </value>
            </param>
          </params>
          <reporter-output>
          </reporter-output>
        </test-method> <!-- beforeTest -->
        <test-method status="PASS" signature="beforeMethod()[pri:0, instance:testCases.TestCases@10ae6fc]" name="beforeMethod" is-config="true" duration-ms="0" started-at="2017-04-26T11:21:24Z" finished-at="2017-04-26T11:21:24Z">
          <reporter-output>
          </reporter-output>
        </test-method> <!-- beforeMethod -->
        <test-method status="PASS" signature="Retrain(java.lang.String)[pri:0, instance:testCases.TestCases@10ae6fc]" name="Retrain" duration-ms="257" started-at="2017-04-26T11:21:24Z" finished-at="2017-04-26T11:21:24Z">
          <params>
            <param index="0">
              <value>
                <![CDATA[]]>
              </value>
            </param>
          </params>
          <reporter-output>
          </reporter-output>
        </test-method> <!-- Retrain -->
        <test-method status="PASS" signature="afterMethod(org.testng.ITestResult)[pri:0, instance:testCases.TestCases@10ae6fc]" name="afterMethod" is-config="true" duration-ms="1" started-at="2017-04-26T11:21:24Z" finished-at="2017-04-26T11:21:24Z">
          <params>
            <param index="0">
              <value>
                <![CDATA[[TestResult name=Retrain status=SUCCESS method=TestCases.Retrain(java.lang.String)[pri:0, instance:testCases.TestCases@10ae6fc] output={null}]]]>
              </value>
            </param>
          </params>
          <reporter-output>
          </reporter-output>
        </test-method> <!-- afterMethod -->
      </class> <!-- testCases.TestCases -->
    </test> <!-- Retrain -->
    <test name="OamTest_new" duration-ms="209" started-at="2017-04-26T09:21:24Z" finished-at="2017-04-26T09:21:24Z">
      <class name="testCases.TestCases">
        <test-method status="PASS" signature="beforeTest(org.testng.ITestContext)[pri:0, instance:testCases.TestCases@12c61fe]" name="beforeTest" is-config="true" duration-ms="0" started-at="2017-04-26T11:21:24Z" finished-at="2017-04-26T11:21:24Z">
          <params>
            <param index="0">
              <value>
                <![CDATA[org.testng.TestRunner@10d0828]]>
              </value>
            </param>
          </params>
          <reporter-output>
          </reporter-output>
        </test-method> <!-- beforeTest -->
        <test-method status="PASS" signature="OamTest_new(java.lang.String)[pri:0, instance:testCases.TestCases@12c61fe]" name="OamTest_new" duration-ms="208" started-at="2017-04-26T11:21:24Z" finished-at="2017-04-26T11:21:24Z">
          <params>
            <param index="0">
              <value>
                <![CDATA[]]>
              </value>
            </param>
          </params>
          <reporter-output>
          </reporter-output>
        </test-method> <!-- OamTest_new -->
        <test-method status="PASS" signature="beforeMethod()[pri:0, instance:testCases.TestCases@12c61fe]" name="beforeMethod" is-config="true" duration-ms="0" started-at="2017-04-26T11:21:24Z" finished-at="2017-04-26T11:21:24Z">
          <reporter-output>
          </reporter-output>
        </test-method> <!-- beforeMethod -->
        <test-method status="PASS" signature="afterMethod(org.testng.ITestResult)[pri:0, instance:testCases.TestCases@12c61fe]" name="afterMethod" is-config="true" duration-ms="0" started-at="2017-04-26T11:21:24Z" finished-at="2017-04-26T11:21:24Z">
          <params>
            <param index="0">
              <value>
                <![CDATA[[TestResult name=OamTest_new status=SUCCESS method=TestCases.OamTest_new(java.lang.String)[pri:0, instance:testCases.TestCases@12c61fe] output={null}]]]>
              </value>
            </param>
          </params>
          <reporter-output>
          </reporter-output>
        </test-method> <!-- afterMethod -->
      </class> <!-- testCases.TestCases -->
    </test> <!-- OamTest_new -->
    <test name="OpenCloseService" duration-ms="10367" started-at="2017-04-26T09:21:24Z" finished-at="2017-04-26T09:21:35Z">
      <class name="testCases.TestCases">
        <test-method status="PASS" signature="beforeMethod()[pri:0, instance:testCases.TestCases@17d16fe]" name="beforeMethod" is-config="true" duration-ms="1" started-at="2017-04-26T11:21:24Z" finished-at="2017-04-26T11:21:24Z">
          <reporter-output>
          </reporter-output>
        </test-method> <!-- beforeMethod -->
        <test-method status="PASS" signature="beforeTest(org.testng.ITestContext)[pri:0, instance:testCases.TestCases@17d16fe]" name="beforeTest" is-config="true" duration-ms="0" started-at="2017-04-26T11:21:24Z" finished-at="2017-04-26T11:21:24Z">
          <params>
            <param index="0">
              <value>
                <![CDATA[org.testng.TestRunner@92abdf]]>
              </value>
            </param>
          </params>
          <reporter-output>
          </reporter-output>
        </test-method> <!-- beforeTest -->
        <test-method status="PASS" signature="OpenCloseService(java.lang.String)[pri:0, instance:testCases.TestCases@17d16fe]" name="OpenCloseService" duration-ms="10366" started-at="2017-04-26T11:21:24Z" finished-at="2017-04-26T11:21:35Z">
          <params>
            <param index="0">
              <value>
                <![CDATA[TG300006]]>
              </value>
            </param>
          </params>
          <reporter-output>
          </reporter-output>
        </test-method> <!-- OpenCloseService -->
        <test-method status="PASS" signature="afterMethod(org.testng.ITestResult)[pri:0, instance:testCases.TestCases@17d16fe]" name="afterMethod" is-config="true" duration-ms="0" started-at="2017-04-26T11:21:35Z" finished-at="2017-04-26T11:21:35Z">
          <params>
            <param index="0">
              <value>
                <![CDATA[[TestResult name=OpenCloseService status=SUCCESS method=TestCases.OpenCloseService(java.lang.String)[pri:0, instance:testCases.TestCases@17d16fe] output={null}]]]>
              </value>
            </param>
          </params>
          <reporter-output>
          </reporter-output>
        </test-method> <!-- afterMethod -->
      </class> <!-- testCases.TestCases -->
    </test> <!-- OpenCloseService -->
    <test name="CreateCrossConnetc" duration-ms="28" started-at="2017-04-26T09:21:35Z" finished-at="2017-04-26T09:21:35Z">
      <class name="testCases.TestCases">
        <test-method status="PASS" signature="beforeTest(org.testng.ITestContext)[pri:0, instance:testCases.TestCases@e784c0]" name="beforeTest" is-config="true" duration-ms="0" started-at="2017-04-26T11:21:35Z" finished-at="2017-04-26T11:21:35Z">
          <params>
            <param index="0">
              <value>
                <![CDATA[org.testng.TestRunner@151cd27]]>
              </value>
            </param>
          </params>
          <reporter-output>
          </reporter-output>
        </test-method> <!-- beforeTest -->
        <test-method status="PASS" signature="CreateCrossConnetc(java.lang.String)[pri:0, instance:testCases.TestCases@e784c0]" name="CreateCrossConnetc" duration-ms="26" started-at="2017-04-26T11:21:35Z" finished-at="2017-04-26T11:21:35Z">
          <params>
            <param index="0">
              <value>
                <![CDATA[TG300006]]>
              </value>
            </param>
          </params>
          <reporter-output>
          </reporter-output>
        </test-method> <!-- CreateCrossConnetc -->
        <test-method status="PASS" signature="beforeMethod()[pri:0, instance:testCases.TestCases@e784c0]" name="beforeMethod" is-config="true" duration-ms="0" started-at="2017-04-26T11:21:35Z" finished-at="2017-04-26T11:21:35Z">
          <reporter-output>
          </reporter-output>
        </test-method> <!-- beforeMethod -->
        <test-method status="PASS" signature="afterMethod(org.testng.ITestResult)[pri:0, instance:testCases.TestCases@e784c0]" name="afterMethod" is-config="true" duration-ms="1" started-at="2017-04-26T11:21:35Z" finished-at="2017-04-26T11:21:35Z">
          <params>
            <param index="0">
              <value>
                <![CDATA[[TestResult name=CreateCrossConnetc status=SUCCESS method=TestCases.CreateCrossConnetc(java.lang.String)[pri:0, instance:testCases.TestCases@e784c0] output={null}]]]>
              </value>
            </param>
          </params>
          <reporter-output>
          </reporter-output>
        </test-method> <!-- afterMethod -->
      </class> <!-- testCases.TestCases -->
    </test> <!-- CreateCrossConnetc -->
    <test name="DeleteCrossConnetc" duration-ms="936" started-at="2017-04-26T09:21:35Z" finished-at="2017-04-26T09:21:36Z">
      <class name="testCases.TestCases">
        <test-method status="PASS" signature="beforeTest(org.testng.ITestContext)[pri:0, instance:testCases.TestCases@b05e0f]" name="beforeTest" is-config="true" duration-ms="1" started-at="2017-04-26T11:21:35Z" finished-at="2017-04-26T11:21:35Z">
          <params>
            <param index="0">
              <value>
                <![CDATA[org.testng.TestRunner@173d3b6]]>
              </value>
            </param>
          </params>
          <reporter-output>
          </reporter-output>
        </test-method> <!-- beforeTest -->
        <test-method status="PASS" signature="beforeMethod()[pri:0, instance:testCases.TestCases@b05e0f]" name="beforeMethod" is-config="true" duration-ms="1" started-at="2017-04-26T11:21:35Z" finished-at="2017-04-26T11:21:35Z">
          <reporter-output>
          </reporter-output>
        </test-method> <!-- beforeMethod -->
        <test-method status="PASS" signature="DeleteCrossConnetc(java.lang.String)[pri:0, instance:testCases.TestCases@b05e0f]" name="DeleteCrossConnetc" duration-ms="933" started-at="2017-04-26T11:21:35Z" finished-at="2017-04-26T11:21:36Z">
          <params>
            <param index="0">
              <value>
                <![CDATA[TG300006]]>
              </value>
            </param>
          </params>
          <reporter-output>
          </reporter-output>
        </test-method> <!-- DeleteCrossConnetc -->
        <test-method status="PASS" signature="afterMethod(org.testng.ITestResult)[pri:0, instance:testCases.TestCases@b05e0f]" name="afterMethod" is-config="true" duration-ms="0" started-at="2017-04-26T11:21:36Z" finished-at="2017-04-26T11:21:36Z">
          <params>
            <param index="0">
              <value>
                <![CDATA[[TestResult name=DeleteCrossConnetc status=SUCCESS method=TestCases.DeleteCrossConnetc(java.lang.String)[pri:0, instance:testCases.TestCases@b05e0f] output={null}]]]>
              </value>
            </param>
          </params>
          <reporter-output>
          </reporter-output>
        </test-method> <!-- afterMethod -->
      </class> <!-- testCases.TestCases -->
    </test> <!-- DeleteCrossConnetc -->
    <test name="Get_tech_profile_list" duration-ms="423" started-at="2017-04-26T09:21:36Z" finished-at="2017-04-26T09:21:36Z">
      <class name="testCases.TestCases">
        <test-method status="PASS" signature="beforeTest(org.testng.ITestContext)[pri:0, instance:testCases.TestCases@1929190]" name="beforeTest" is-config="true" duration-ms="0" started-at="2017-04-26T11:21:36Z" finished-at="2017-04-26T11:21:36Z">
          <params>
            <param index="0">
              <value>
                <![CDATA[org.testng.TestRunner@15063e9]]>
              </value>
            </param>
          </params>
          <reporter-output>
          </reporter-output>
        </test-method> <!-- beforeTest -->
        <test-method status="PASS" signature="Get_tech_profile_list(java.lang.String)[pri:0, instance:testCases.TestCases@1929190]" name="Get_tech_profile_list" duration-ms="422" started-at="2017-04-26T11:21:36Z" finished-at="2017-04-26T11:21:36Z">
          <params>
            <param index="0">
              <value>
                <![CDATA[]]>
              </value>
            </param>
          </params>
          <reporter-output>
          </reporter-output>
        </test-method> <!-- Get_tech_profile_list -->
        <test-method status="PASS" signature="beforeMethod()[pri:0, instance:testCases.TestCases@1929190]" name="beforeMethod" is-config="true" duration-ms="0" started-at="2017-04-26T11:21:36Z" finished-at="2017-04-26T11:21:36Z">
          <reporter-output>
          </reporter-output>
        </test-method> <!-- beforeMethod -->
        <test-method status="PASS" signature="afterMethod(org.testng.ITestResult)[pri:0, instance:testCases.TestCases@1929190]" name="afterMethod" is-config="true" duration-ms="0" started-at="2017-04-26T11:21:36Z" finished-at="2017-04-26T11:21:36Z">
          <params>
            <param index="0">
              <value>
                <![CDATA[[TestResult name=Get_tech_profile_list status=SUCCESS method=TestCases.Get_tech_profile_list(java.lang.String)[pri:0, instance:testCases.TestCases@1929190] output={null}]]]>
              </value>
            </param>
          </params>
          <reporter-output>
          </reporter-output>
        </test-method> <!-- afterMethod -->
      </class> <!-- testCases.TestCases -->
    </test> <!-- Get_tech_profile_list -->
    <test name="CreateRouterConfig" duration-ms="204" started-at="2017-04-26T09:21:36Z" finished-at="2017-04-26T09:21:36Z">
      <class name="testCases.TestCases">
        <test-method status="PASS" signature="BeforeSuite(org.testng.ITestContext)[pri:0, instance:testCases.TestCases@74eb02]" name="BeforeSuite" is-config="true" duration-ms="7448" started-at="2017-04-26T11:21:03Z" finished-at="2017-04-26T11:21:10Z">
          <params>
            <param index="0">
              <value>
                <![CDATA[org.testng.TestRunner@cf5ac5]]>
              </value>
            </param>
          </params>
          <reporter-output>
          </reporter-output>
        </test-method> <!-- BeforeSuite -->
        <test-method status="PASS" signature="beforeTest(org.testng.ITestContext)[pri:0, instance:testCases.TestCases@74eb02]" name="beforeTest" is-config="true" duration-ms="1" started-at="2017-04-26T11:21:36Z" finished-at="2017-04-26T11:21:36Z">
          <params>
            <param index="0">
              <value>
                <![CDATA[org.testng.TestRunner@cf5ac5]]>
              </value>
            </param>
          </params>
          <reporter-output>
          </reporter-output>
        </test-method> <!-- beforeTest -->
        <test-method status="PASS" signature="beforeMethod()[pri:0, instance:testCases.TestCases@74eb02]" name="beforeMethod" is-config="true" duration-ms="0" started-at="2017-04-26T11:21:36Z" finished-at="2017-04-26T11:21:36Z">
          <reporter-output>
          </reporter-output>
        </test-method> <!-- beforeMethod -->
        <test-method status="PASS" signature="CreateRouterConfig(java.lang.String)[pri:0, instance:testCases.TestCases@74eb02]" name="CreateRouterConfig" duration-ms="202" started-at="2017-04-26T11:21:36Z" finished-at="2017-04-26T11:21:36Z">
          <params>
            <param index="0">
              <value>
                <![CDATA[TG300006]]>
              </value>
            </param>
          </params>
          <reporter-output>
          </reporter-output>
        </test-method> <!-- CreateRouterConfig -->
        <test-method status="PASS" signature="afterMethod(org.testng.ITestResult)[pri:0, instance:testCases.TestCases@74eb02]" name="afterMethod" is-config="true" duration-ms="1" started-at="2017-04-26T11:21:36Z" finished-at="2017-04-26T11:21:36Z">
          <params>
            <param index="0">
              <value>
                <![CDATA[[TestResult name=CreateRouterConfig status=SUCCESS method=TestCases.CreateRouterConfig(java.lang.String)[pri:0, instance:testCases.TestCases@74eb02] output={null}]]]>
              </value>
            </param>
          </params>
          <reporter-output>
          </reporter-output>
        </test-method> <!-- afterMethod -->
        <test-method status="PASS" signature="afterSuite()[pri:0, instance:testCases.TestCases@74eb02]" name="afterSuite" is-config="true" duration-ms="684" started-at="2017-04-26T11:21:36Z" finished-at="2017-04-26T11:21:37Z">
          <reporter-output>
          </reporter-output>
        </test-method> <!-- afterSuite -->
      </class> <!-- testCases.TestCases -->
    </test> <!-- CreateRouterConfig -->
  </suite> <!-- RegressionSuite -->
</testng-results>
